yarn add v1.22.19
[1/4] Resolving packages...
warning @storybook/nextjs > @storybook/builder-webpack5 > webpack-dev-middleware > memfs@3.6.0: this will be v4
warning @storybook/nextjs > @storybook/builder-webpack5 > fork-ts-checker-webpack-plugin > memfs@3.6.0: this will be v4
[2/4] Fetching packages...
info There appears to be trouble with your network connection. Retrying...
info There appears to be trouble with your network connection. Retrying...
info There appears to be trouble with your network connection. Retrying...
info There appears to be trouble with your network connection. Retrying...
error https://registry.yarnpkg.com/@swc/core-win32-x64-msvc/-/core-win32-x64-msvc-1.3.70.tgz: connect EHOSTUNREACH 2606:4700::6810:1023:443
error https://registry.yarnpkg.com/@swc/core-linux-x64-gnu/-/core-linux-x64-gnu-1.3.70.tgz: connect EHOSTUNREACH 2606:4700::6810:1023:443
error https://registry.yarnpkg.com/@swc/core-linux-arm64-musl/-/core-linux-arm64-musl-1.3.70.tgz: connect EHOSTUNREACH 2606:4700::6810:1023:443
error https://registry.yarnpkg.com/@swc/core-linux-arm64-gnu/-/core-linux-arm64-gnu-1.3.70.tgz: connect EHOSTUNREACH 2606:4700::6810:1023:443
error https://registry.yarnpkg.com/@swc/core-darwin-x64/-/core-darwin-x64-1.3.70.tgz: connect EHOSTUNREACH 2606:4700::6810:1023:443
error https://registry.yarnpkg.com/@swc/core-linux-x64-musl/-/core-linux-x64-musl-1.3.70.tgz: connect EHOSTUNREACH 2606:4700::6810:1023:443
error https://registry.yarnpkg.com/@swc/core-darwin-arm64/-/core-darwin-arm64-1.3.70.tgz: connect EHOSTUNREACH 2606:4700::6810:1023:443
error https://registry.yarnpkg.com/@swc/core-linux-arm-gnueabihf/-/core-linux-arm-gnueabihf-1.3.70.tgz: connect EHOSTUNREACH 2606:4700::6810:1023:443
error An unexpected error occurred: "https://registry.yarnpkg.com/node-abort-controller/-/node-abort-controller-3.1.1.tgz: connect EHOSTUNREACH 2606:4700::6810:1023:443".
info If you think this is a bug, please open a bug report with the information provided in "/home/carlin/Documentos/windel/front/newwindelfront/yarn-error.log".
info Visit https://yarnpkg.com/en/docs/cli/add for documentation about this command.
